Unity Editor version:    2022.3.33f1 (b2c853adf198)
Branch:                  2022.3/staging
Build type:              Release
Batch mode:              YES
macOS version:           Version 15.2 (Build 24C101)
Darwin version:          24.2.0
Architecture:            x86_64
Running under Rosetta:   NO
Available memory:        32768 MB
Using pre-set license
Pro License: YES

COMMAND LINE ARGUMENTS:
/Applications/Unity/Hub/Editor/2022.3.33f1/Unity.app/Contents/MacOS/Unity
-adb2
-batchMode
-noUpm
-name
AssetImportWorker2
-projectPath
/Users/ababus/Downloads/Identity
-logFile
Logs/AssetImportWorker2.log
-srvPort
56474
Successfully changed project path to: /Users/ababus/Downloads/Identity
/Users/ababus/Downloads/Identity
[UnityMemory] Configuration Parameters - Can be set up in boot.config
    "memorysetup-bucket-allocator-granularity=16"
    "memorysetup-bucket-allocator-bucket-count=8"
    "memorysetup-bucket-allocator-block-size=33554432"
    "memorysetup-bucket-allocator-block-count=8"
    "memorysetup-main-allocator-block-size=16777216"
    "memorysetup-thread-allocator-block-size=16777216"
    "memorysetup-gfx-main-allocator-block-size=16777216"
    "memorysetup-gfx-thread-allocator-block-size=16777216"
    "memorysetup-cache-allocator-block-size=4194304"
    "memorysetup-typetree-allocator-block-size=2097152"
    "memorysetup-profiler-bucket-allocator-granularity=16"
    "memorysetup-profiler-bucket-allocator-bucket-count=8"
    "memorysetup-profiler-bucket-allocator-block-size=33554432"
    "memorysetup-profiler-bucket-allocator-block-count=8"
    "memorysetup-profiler-allocator-block-size=16777216"
    "memorysetup-profiler-editor-allocator-block-size=1048576"
    "memorysetup-temp-allocator-size-main=16777216"
    "memorysetup-job-temp-allocator-block-size=2097152"
    "memorysetup-job-temp-allocator-block-size-background=1048576"
    "memorysetup-job-temp-allocator-reduction-small-platforms=262144"
    "memorysetup-allocator-temp-initial-block-size-main=262144"
    "memorysetup-allocator-temp-initial-block-size-worker=262144"
    "memorysetup-temp-allocator-size-background-worker=32768"
    "memorysetup-temp-allocator-size-job-worker=262144"
    "memorysetup-temp-allocator-size-preload-manager=33554432"
    "memorysetup-temp-allocator-size-nav-mesh-worker=65536"
    "memorysetup-temp-allocator-size-audio-worker=65536"
    "memorysetup-temp-allocator-size-cloud-worker=32768"
    "memorysetup-temp-allocator-size-gi-baking-worker=262144"
    "memorysetup-temp-allocator-size-gfx=262144"
Player connection [140704682329280] Host "[IP] 192.168.100.240 [Port] 0 [Flags] 2 [Guid] 2910604240 [EditorId] 2910604240 [Version] 1048832 [Id] OSXEditor(0,C13052) [Debug] 1 [PackageName] OSXEditor [ProjectName] Editor" joined multi-casting on [225.0.0.222:54997]...

Player connection [140704682329280] Host "[IP] 192.168.100.240 [Port] 0 [Flags] 2 [Guid] 2910604240 [EditorId] 2910604240 [Version] 1048832 [Id] OSXEditor(0,C13052) [Debug] 1 [PackageName] OSXEditor [ProjectName] Editor" joined alternative multi-casting on [225.0.0.222:34997]...

[PhysX] Initialized MultithreadedTaskDispatcher with 12 workers.
Refreshing native plugins compatible for Editor in 6.11 ms, found 2 plugins.
Preloading 0 native plugins for Editor in 0.00 ms.
Initialize engine version: 2022.3.33f1 (b2c853adf198)
[Subsystems] Discovering subsystems at path /Applications/Unity/Hub/Editor/2022.3.33f1/Unity.app/Contents/Resources/UnitySubsystems
[Subsystems] Discovering subsystems at path /Users/ababus/Downloads/Identity/Assets
GfxDevice: creating device client; threaded=0; jobified=0
Color LCD preferred device: AMD Radeon Pro 560X (high power)
Metal devices available: 2
0: AMD Radeon Pro 560X (high power)
1: Intel(R) UHD Graphics 630 (low power)
Using device AMD Radeon Pro 560X (high power)
Initializing Metal device caps: AMD Radeon Pro 560X
Initialize mono
Mono path[0] = '/Applications/Unity/Hub/Editor/2022.3.33f1/Unity.app/Contents/Managed'
Mono path[1] = '/Applications/Unity/Hub/Editor/2022.3.33f1/Unity.app/Contents/MonoBleedingEdge/lib/mono/unityjit-macos'
Mono config path = '/Applications/Unity/Hub/Editor/2022.3.33f1/Unity.app/Contents/MonoBleedingEdge/etc'
Using monoOptions --debugger-agent=transport=dt_socket,embedding=1,server=y,suspend=n,address=127.0.0.1:56453
Begin MonoManager ReloadAssembly
Registering precompiled unity dll's ...
Register platform support module: /Applications/Unity/Hub/Editor/2022.3.33f1/Unity.app/Contents/PlaybackEngines/MacStandaloneSupport/UnityEditor.OSXStandalone.Extensions.dll
Register platform support module: /Applications/Unity/Hub/Editor/2022.3.33f1/PlaybackEngines/WindowsStandaloneSupport/UnityEditor.WindowsStandalone.Extensions.dll
Registered in 0.002199 seconds.
- Loaded All Assemblies, in  0.464 seconds
Native extension for WindowsStandalone target not found
Native extension for OSXStandalone target not found
Mono: successfully reloaded assembly
- Finished resetting the current domain, in  0.372 seconds
Domain Reload Profiling: 836ms
	BeginReloadAssembly (120ms)
		ExecutionOrderSort (0ms)
		DisableScriptedObjects (0ms)
		BackupInstance (0ms)
		ReleaseScriptingObjects (0ms)
		CreateAndSetChildDomain (1ms)
	RebuildCommonClasses (51ms)
	RebuildNativeTypeToScriptingClass (16ms)
	initialDomainReloadingComplete (68ms)
	LoadAllAssembliesAndSetupDomain (210ms)
		LoadAssemblies (119ms)
		RebuildTransferFunctionScriptingTraits (0ms)
		AnalyzeDomain (208ms)
			TypeCache.Refresh (205ms)
				TypeCache.ScanAssembly (187ms)
			ScanForSourceGeneratedMonoScriptInfo (1ms)
			ResolveRequiredComponents (1ms)
	FinalizeReload (373ms)
		ReleaseScriptCaches (0ms)
		RebuildScriptCaches (0ms)
		SetupLoadedEditorAssemblies (286ms)
			LogAssemblyErrors (0ms)
			InitializePlatformSupportModulesInManaged (11ms)
			SetLoadedEditorAssemblies (10ms)
			RefreshPlugins (0ms)
			BeforeProcessingInitializeOnLoad (3ms)
			ProcessInitializeOnLoadAttributes (200ms)
			ProcessInitializeOnLoadMethodAttributes (62ms)
			AfterProcessingInitializeOnLoad (0ms)
			EditorAssembliesLoaded (0ms)
		ExecutionOrderSort2 (0ms)
		AwakeInstancesAfterBackupRestoration (0ms)
========================================================================
Worker process is ready to serve import requests
Begin MonoManager ReloadAssembly
- Loaded All Assemblies, in  0.920 seconds
Refreshing native plugins compatible for Editor in 1.54 ms, found 2 plugins.
Native extension for WindowsStandalone target not found
Native extension for OSXStandalone target not found
Mono: successfully reloaded assembly
- Finished resetting the current domain, in  0.841 seconds
Domain Reload Profiling: 1762ms
	BeginReloadAssembly (173ms)
		ExecutionOrderSort (0ms)
		DisableScriptedObjects (7ms)
		BackupInstance (0ms)
		ReleaseScriptingObjects (0ms)
		CreateAndSetChildDomain (34ms)
	RebuildCommonClasses (52ms)
	RebuildNativeTypeToScriptingClass (15ms)
	initialDomainReloadingComplete (50ms)
	LoadAllAssembliesAndSetupDomain (631ms)
		LoadAssemblies (394ms)
		RebuildTransferFunctionScriptingTraits (0ms)
		AnalyzeDomain (324ms)
			TypeCache.Refresh (284ms)
				TypeCache.ScanAssembly (261ms)
			ScanForSourceGeneratedMonoScriptInfo (26ms)
			ResolveRequiredComponents (10ms)
	FinalizeReload (841ms)
		ReleaseScriptCaches (0ms)
		RebuildScriptCaches (0ms)
		SetupLoadedEditorAssemblies (637ms)
			LogAssemblyErrors (0ms)
			InitializePlatformSupportModulesInManaged (6ms)
			SetLoadedEditorAssemblies (4ms)
			RefreshPlugins (0ms)
			BeforeProcessingInitializeOnLoad (60ms)
			ProcessInitializeOnLoadAttributes (496ms)
			ProcessInitializeOnLoadMethodAttributes (70ms)
			AfterProcessingInitializeOnLoad (1ms)
			EditorAssembliesLoaded (0ms)
		ExecutionOrderSort2 (0ms)
		AwakeInstancesAfterBackupRestoration (4ms)
Launching external process: /Applications/Unity/Hub/Editor/2022.3.33f1/Unity.app/Contents/Tools/UnityShaderCompiler
Launched and connected shader compiler UnityShaderCompiler after 0.08 seconds
Refreshing native plugins compatible for Editor in 1.32 ms, found 2 plugins.
Preloading 0 native plugins for Editor in 0.00 ms.
Unloading 4470 Unused Serialized files (Serialized files now loaded: 0)
Unloading 57 unused Assets / (2.3 MB). Loaded Objects now: 4942.
Memory consumption went from 187.7 MB to 185.4 MB.
Total: 4.462224 ms (FindLiveObjects: 0.319756 ms CreateObjectMapping: 0.292648 ms MarkObjects: 3.334102 ms  DeleteObjects: 0.514486 ms)

AssetImportParameters requested are different than current active one (requested -> active):
  custom:scripting/monoscript/fileName/StyledEnum.cs: cf4e9053177bc0faddc80d2c05aeaa94 -> 
  custom:scripting/monoscript/fileName/StyledMessageDrawer.cs: 20992691c2fe23b50383424cf7a26b82 -> 
  custom:container-demuxer-ogg: 62fdf1f143b41e24485cea50d1cbac27 -> 
  custom:scripting/monoscript/fileName/LoadSettingsData.cs: 601588721e15dccfe36bbb9b8f6edd21 -> 
  custom:scripting/monoscript/fileName/DrawInspectorBanner.cs: 9587624fa9133f897063690bbf7e7226 -> 
  custom:scripting/monoscript/fileName/StyledTextDrawer.cs: d8f6222dc08ae6d490686afd58ca144e -> 
  custom:video-decoder-ogg-theora: a1e56fd34408186e4bbccfd4996cb3dc -> 
  custom:scripting/monoscript/fileName/DrawWindowCategory.cs: 9587624fa9133f897063690bbf7e7226 -> 
  custom:scripting/monoscript/fileName/StyledEnumDrawer.cs: 2cf617b1db144ddbca03d98feca25c96 -> 
  custom:scripting/monoscript/fileName/StyledMaskDrawer.cs: 15cfdca36a0e036f7c50405d6fd2f1fc -> 
  custom:scripting/monoscript/fileName/StyledBanner.cs: 1fa36bded75bcc83389a35a38a24700d -> 
  custom:scripting/monoscript/fileName/StyledVectorDrawer.cs: 62a17712eb06f5707d9322c3ab33eb93 -> 
  custom:CustomObjectIndexerAttribute: 9a22284fe3817be447336de3de66b15e -> 
  custom:scripting/monoscript/fileName/StyledInteractive.cs: 0697e560670ed4999657403ac08ef097 -> 
  custom:scripting/monoscript/fileName/SceneSwitch.cs: e07e50fb982fb9a9177514ed7338d883 -> 
  custom:scripting/monoscript/fileName/StyledCategoryDrawer.cs: db8756881335f421d811372005190bb8 -> 
  custom:container-demuxer-webm: 4f35f7cbe854078d1ac9338744f61a02 -> 
  custom:scripting/monoscript/fileName/StyledOptionsSliderDrawer.cs: c046d1c06395c9490169074f7ce40942 -> 
  custom:scripting/monoscript/fileName/StyledButtonDrawer.cs: eb4cf86b17171b3614656cf46526596b -> 
  custom:scripting/monoscript/fileName/StyledTextureSingleLineDrawer.cs: eb30538f530c1c3eada93d9dbf5fdb98 -> 
  custom:scripting/monoscript/fileName/StyledIndent.cs: dbeaf677ec914da5702f1914cce99c49 -> 
  custom:scripting/monoscript/fileName/StyledMessage.cs: e9fafad453f7d1b335f7469da20954f2 -> 
  custom:scripting/monoscript/fileName/StyledCategory.cs: 8e7cf59655eb4a73d19619670d6e860a -> 
  custom:scripting/monoscript/fileName/StyledInteractiveDrawer.cs: ce19a4193f95944d4aa65f1552a65020 -> 
  custom:scripting/monoscript/fileName/SkyboxExtendedShaderGUI.cs: 84988a868e45b7e4d73ac26862426c86 -> 
  custom:scripting/monoscript/fileName/StyledMonoBehaviourEditor.cs: 55385ad0841100782ff0c99fe0a67fab -> 
  custom:container-muxer-webm: aa71ff27fc2769a1b78a27578f13a17b -> 
  custom:scripting/monoscript/fileName/StyledRangeOptions.cs: 847e8c63e564d7b3b0bcb2f213f5777f -> 
  custom:scripting/monoscript/fileName/StyledSpaceDrawer.cs: ae04b719ad6aff3b2aeb344e30967f08 -> 
  custom:scripting/monoscript/fileName/StyledBannerDrawer.cs: 9111b4ae69b4059a71d5d27afb1f49c8 -> 
  custom:video-decoder-webm-vp8: 9c59270c3fd7afecdb556c50c9e8de78 -> 
  custom:scripting/monoscript/fileName/StyledLabelGizmo.cs: 272464a11ea720827ce6fbc9495dcd01 -> 
  custom:scripting/monoscript/fileName/CamController.cs: 1fe3360b4d3bfc867ec091292a53b4f4 -> 
  custom:SearchIndexIgnoredProperties: e643bd26f0fe6173181afceb89e7c659 -> 
  custom:scripting/monoscript/fileName/StyledColoringDrawer.cs: cbe520fa5325e313888160261335ceaf -> 
  custom:AudioImporter_EditorPlatform: 3918e3fc78b5a79bad01e8451be0beb8 -> 
  custom:scripting/monoscript/fileName/NPCController.cs: 191ced54d0aa30156ed83818d05d6883 -> 
  custom:scripting/monoscript/fileName/StyledSpace.cs: 5f16ec5dfe2e6caceb850dec2c2ca3fc -> 
  custom:scripting/monoscript/fileName/StyledScriptableObjectEditor.cs: 9509d87d39724722d6132e74bf674184 -> 
  custom:scripting/monoscript/fileName/StyledText.cs: ccc1b39c79ddaed665fd78f020bc6a03 -> 
  custom:scripting/monoscript/fileName/StyledMask.cs: 4678f577def2678967fb4ffa6b2ba653 -> 
  custom:scripting/monoscript/fileName/StyledDiffusionMaterialDrawer.cs: eee2b6b0e2e39a0dff06a2e0bf1fb510 -> 
  custom:scripting/monoscript/fileName/StyledRemapSliderDrawer.cs: 47767373de4aebbee7d359c1ef1cc6a6 -> 
  custom:scripting/monoscript/fileName/StyledTextureDrawer.cs: 5869ea90bdbd2de83912dbc298b41b1a -> 
  custom:scripting/monoscript/fileName/StyledTexturePreview.cs: 793de234aad21816ed93b8494e1dec14 -> 
  custom:scripting/monoscript/fileName/StyledIndentDrawer.cs: 62715c0c2eef8b1304139febfa740d3c -> 
  custom:scripting/monoscript/fileName/StyledEmissiveIntensityDrawer.cs: 27f4a08f607831211f7e91b685c4ae40 -> 
  custom:scripting/monoscript/fileName/SettingsData.cs: 7d0e769b0ae683ebcb407da3b57e03b6 -> 
  custom:framework-osx-AVFoundation: e770b220cccbd017edd2c1fefb359320 -> 
  custom:video-encoder-webm-vp8: eb34c28f22e8b96e1ab97ce403110664 -> 
  custom:audio-decoder-ogg-vorbis: bf7c407c2cedff20999df2af8eb42d56 -> 
  custom:scripting/monoscript/fileName/DrawWindowBanner.cs: 9587624fa9133f897063690bbf7e7226 -> 
  custom:scripting/monoscript/fileName/StyledButton.cs: 9a1c2a45c1a37e41ae8464019a64708d -> 
  custom:scripting/monoscript/fileName/StyledLayersDrawer.cs: 8d23c9248cb647451e6f07d4c948eadb -> 
  custom:scripting/monoscript/fileName/StyledLayers.cs: 20b6ea0c065e716761a79565692c083a -> 
  custom:scripting/monoscript/fileName/StyledToggleDrawer.cs: fa32f0d948779827300f154d8afe8a43 -> 
  custom:scripting/monoscript/fileName/DrawInspectorCategory.cs: 9587624fa9133f897063690bbf7e7226 -> 
  custom:scripting/monoscript/fileName/StyledScriptableObject.cs: b76588d98ad28347e1e62156e8defcbe -> 
  custom:scripting/monoscript/fileName/StyledTexturePreviewDrawer.cs: 7417ab5584a7da8fe60faa208fb88af7 -> 
  custom:audio-encoder-webm-vorbis: bf7c407c2cedff20999df2af8eb42d56 -> 
  custom:scripting/monoscript/fileName/FPSController.cs: 399e3a3ec403ed247d92c0ee2e40c49d -> 
  custom:scripting/monoscript/fileName/Constants.cs: 358892efbee673e10531810c28e9f3e0 -> 
  custom:scripting/monoscript/fileName/SkyboxExtendedWindows.cs: 91db52253ea00cf20844992b86537e4d -> 
  custom:scripting/monoscript/fileName/StyledMonoBehaviour.cs: 3be224fd1c8d0edeedfe9cf261c631c4 -> 
  custom:scripting/monoscript/fileName/StyledRangeOptionsDrawer.cs: bfa83081b223cb3aca05e471b3387471 -> 
  custom:scripting/monoscript/fileName/SaveSettingsData.cs: 601588721e15dccfe36bbb9b8f6edd21 -> 
========================================================================
Received Prepare
Begin MonoManager ReloadAssembly
- Loaded All Assemblies, in  0.578 seconds
Refreshing native plugins compatible for Editor in 1.57 ms, found 2 plugins.
Native extension for WindowsStandalone target not found
Native extension for OSXStandalone target not found
Mono: successfully reloaded assembly
- Finished resetting the current domain, in  1.428 seconds
Domain Reload Profiling: 2006ms
	BeginReloadAssembly (203ms)
		ExecutionOrderSort (0ms)
		DisableScriptedObjects (5ms)
		BackupInstance (0ms)
		ReleaseScriptingObjects (0ms)
		CreateAndSetChildDomain (77ms)
	RebuildCommonClasses (50ms)
	RebuildNativeTypeToScriptingClass (15ms)
	initialDomainReloadingComplete (28ms)
	LoadAllAssembliesAndSetupDomain (282ms)
		LoadAssemblies (342ms)
		RebuildTransferFunctionScriptingTraits (0ms)
		AnalyzeDomain (23ms)
			TypeCache.Refresh (8ms)
				TypeCache.ScanAssembly (0ms)
			ScanForSourceGeneratedMonoScriptInfo (0ms)
			ResolveRequiredComponents (11ms)
	FinalizeReload (1429ms)
		ReleaseScriptCaches (0ms)
		RebuildScriptCaches (0ms)
		SetupLoadedEditorAssemblies (615ms)
			LogAssemblyErrors (0ms)
			InitializePlatformSupportModulesInManaged (7ms)
			SetLoadedEditorAssemblies (5ms)
			RefreshPlugins (0ms)
			BeforeProcessingInitializeOnLoad (76ms)
			ProcessInitializeOnLoadAttributes (461ms)
			ProcessInitializeOnLoadMethodAttributes (65ms)
			AfterProcessingInitializeOnLoad (1ms)
			EditorAssembliesLoaded (0ms)
		ExecutionOrderSort2 (0ms)
		AwakeInstancesAfterBackupRestoration (4ms)
Refreshing native plugins compatible for Editor in 1.35 ms, found 2 plugins.
Preloading 0 native plugins for Editor in 0.00 ms.
Unloading 4411 Unused Serialized files (Serialized files now loaded: 0)
Unloading 45 unused Assets / (2.3 MB). Loaded Objects now: 4945.
Memory consumption went from 177.4 MB to 175.1 MB.
Total: 4.589585 ms (FindLiveObjects: 0.329613 ms CreateObjectMapping: 0.318912 ms MarkObjects: 3.425760 ms  DeleteObjects: 0.514280 ms)

Prepare: number of updated asset objects reloaded= 0
AssetImportParameters requested are different than current active one (requested -> active):
  custom:scripting/monoscript/fileName/StyledEnum.cs: cf4e9053177bc0faddc80d2c05aeaa94 -> 
  custom:scripting/monoscript/fileName/StyledMessageDrawer.cs: 20992691c2fe23b50383424cf7a26b82 -> 
  custom:container-demuxer-ogg: 62fdf1f143b41e24485cea50d1cbac27 -> 
  custom:scripting/monoscript/fileName/LoadSettingsData.cs: 601588721e15dccfe36bbb9b8f6edd21 -> 
  custom:scripting/monoscript/fileName/DrawInspectorBanner.cs: 9587624fa9133f897063690bbf7e7226 -> 
  custom:scripting/monoscript/fileName/StyledTextDrawer.cs: d8f6222dc08ae6d490686afd58ca144e -> 
  custom:video-decoder-ogg-theora: a1e56fd34408186e4bbccfd4996cb3dc -> 
  custom:scripting/monoscript/fileName/DrawWindowCategory.cs: 9587624fa9133f897063690bbf7e7226 -> 
  custom:scripting/monoscript/fileName/StyledEnumDrawer.cs: 2cf617b1db144ddbca03d98feca25c96 -> 
  custom:scripting/monoscript/fileName/StyledMaskDrawer.cs: 15cfdca36a0e036f7c50405d6fd2f1fc -> 
  custom:scripting/monoscript/fileName/StyledBanner.cs: 1fa36bded75bcc83389a35a38a24700d -> 
  custom:scripting/monoscript/fileName/StyledVectorDrawer.cs: 62a17712eb06f5707d9322c3ab33eb93 -> 
  custom:CustomObjectIndexerAttribute: 9a22284fe3817be447336de3de66b15e -> 
  custom:scripting/monoscript/fileName/StyledInteractive.cs: 0697e560670ed4999657403ac08ef097 -> 
  custom:scripting/monoscript/fileName/SceneSwitch.cs: e07e50fb982fb9a9177514ed7338d883 -> 
  custom:scripting/monoscript/fileName/StyledCategoryDrawer.cs: db8756881335f421d811372005190bb8 -> 
  custom:container-demuxer-webm: 4f35f7cbe854078d1ac9338744f61a02 -> 
  custom:scripting/monoscript/fileName/StyledOptionsSliderDrawer.cs: c046d1c06395c9490169074f7ce40942 -> 
  custom:scripting/monoscript/fileName/StyledButtonDrawer.cs: eb4cf86b17171b3614656cf46526596b -> 
  custom:scripting/monoscript/fileName/StyledTextureSingleLineDrawer.cs: eb30538f530c1c3eada93d9dbf5fdb98 -> 
  custom:scripting/monoscript/fileName/StyledIndent.cs: dbeaf677ec914da5702f1914cce99c49 -> 
  custom:scripting/monoscript/fileName/StyledMessage.cs: e9fafad453f7d1b335f7469da20954f2 -> 
  custom:scripting/monoscript/fileName/StyledCategory.cs: 8e7cf59655eb4a73d19619670d6e860a -> 
  custom:scripting/monoscript/fileName/StyledInteractiveDrawer.cs: ce19a4193f95944d4aa65f1552a65020 -> 
  custom:scripting/monoscript/fileName/SkyboxExtendedShaderGUI.cs: 84988a868e45b7e4d73ac26862426c86 -> 
  custom:scripting/monoscript/fileName/StyledMonoBehaviourEditor.cs: 55385ad0841100782ff0c99fe0a67fab -> 
  custom:container-muxer-webm: aa71ff27fc2769a1b78a27578f13a17b -> 
  custom:scripting/monoscript/fileName/StyledRangeOptions.cs: 847e8c63e564d7b3b0bcb2f213f5777f -> 
  custom:scripting/monoscript/fileName/StyledSpaceDrawer.cs: ae04b719ad6aff3b2aeb344e30967f08 -> 
  custom:scripting/monoscript/fileName/StyledBannerDrawer.cs: 9111b4ae69b4059a71d5d27afb1f49c8 -> 
  custom:video-decoder-webm-vp8: 9c59270c3fd7afecdb556c50c9e8de78 -> 
  custom:scripting/monoscript/fileName/StyledLabelGizmo.cs: 272464a11ea720827ce6fbc9495dcd01 -> 
  custom:scripting/monoscript/fileName/CamController.cs: 1fe3360b4d3bfc867ec091292a53b4f4 -> 
  custom:SearchIndexIgnoredProperties: e643bd26f0fe6173181afceb89e7c659 -> 
  custom:scripting/monoscript/fileName/StyledColoringDrawer.cs: cbe520fa5325e313888160261335ceaf -> 
  custom:AudioImporter_EditorPlatform: 3918e3fc78b5a79bad01e8451be0beb8 -> 
  custom:scripting/monoscript/fileName/NPCController.cs: 191ced54d0aa30156ed83818d05d6883 -> 
  custom:scripting/monoscript/fileName/StyledSpace.cs: 5f16ec5dfe2e6caceb850dec2c2ca3fc -> 
  custom:scripting/monoscript/fileName/StyledScriptableObjectEditor.cs: 9509d87d39724722d6132e74bf674184 -> 
  custom:scripting/monoscript/fileName/StyledText.cs: ccc1b39c79ddaed665fd78f020bc6a03 -> 
  custom:scripting/monoscript/fileName/StyledMask.cs: 4678f577def2678967fb4ffa6b2ba653 -> 
  custom:scripting/monoscript/fileName/StyledDiffusionMaterialDrawer.cs: eee2b6b0e2e39a0dff06a2e0bf1fb510 -> 
  custom:scripting/monoscript/fileName/StyledRemapSliderDrawer.cs: 47767373de4aebbee7d359c1ef1cc6a6 -> 
  custom:scripting/monoscript/fileName/StyledTextureDrawer.cs: 5869ea90bdbd2de83912dbc298b41b1a -> 
  custom:scripting/monoscript/fileName/StyledTexturePreview.cs: 793de234aad21816ed93b8494e1dec14 -> 
  custom:scripting/monoscript/fileName/StyledIndentDrawer.cs: 62715c0c2eef8b1304139febfa740d3c -> 
  custom:scripting/monoscript/fileName/StyledEmissiveIntensityDrawer.cs: 27f4a08f607831211f7e91b685c4ae40 -> 
  custom:scripting/monoscript/fileName/SettingsData.cs: 7d0e769b0ae683ebcb407da3b57e03b6 -> 
  custom:framework-osx-AVFoundation: e770b220cccbd017edd2c1fefb359320 -> 
  custom:video-encoder-webm-vp8: eb34c28f22e8b96e1ab97ce403110664 -> 
  custom:audio-decoder-ogg-vorbis: bf7c407c2cedff20999df2af8eb42d56 -> 
  custom:scripting/monoscript/fileName/DrawWindowBanner.cs: 9587624fa9133f897063690bbf7e7226 -> 
  custom:scripting/monoscript/fileName/StyledButton.cs: 9a1c2a45c1a37e41ae8464019a64708d -> 
  custom:scripting/monoscript/fileName/StyledLayersDrawer.cs: 8d23c9248cb647451e6f07d4c948eadb -> 
  custom:scripting/monoscript/fileName/StyledLayers.cs: 20b6ea0c065e716761a79565692c083a -> 
  custom:scripting/monoscript/fileName/StyledToggleDrawer.cs: fa32f0d948779827300f154d8afe8a43 -> 
  custom:scripting/monoscript/fileName/DrawInspectorCategory.cs: 9587624fa9133f897063690bbf7e7226 -> 
  custom:scripting/monoscript/fileName/StyledScriptableObject.cs: b76588d98ad28347e1e62156e8defcbe -> 
  custom:scripting/monoscript/fileName/StyledTexturePreviewDrawer.cs: 7417ab5584a7da8fe60faa208fb88af7 -> 
  custom:audio-encoder-webm-vorbis: bf7c407c2cedff20999df2af8eb42d56 -> 
  custom:scripting/monoscript/fileName/FPSController.cs: 399e3a3ec403ed247d92c0ee2e40c49d -> 
  custom:scripting/monoscript/fileName/Constants.cs: 358892efbee673e10531810c28e9f3e0 -> 
  custom:scripting/monoscript/fileName/SkyboxExtendedWindows.cs: 91db52253ea00cf20844992b86537e4d -> 
  custom:scripting/monoscript/fileName/StyledMonoBehaviour.cs: 3be224fd1c8d0edeedfe9cf261c631c4 -> 
  custom:scripting/monoscript/fileName/StyledRangeOptionsDrawer.cs: bfa83081b223cb3aca05e471b3387471 -> 
  custom:scripting/monoscript/fileName/SaveSettingsData.cs: 601588721e15dccfe36bbb9b8f6edd21 -> 
========================================================================
Received Prepare
Begin MonoManager ReloadAssembly
- Loaded All Assemblies, in  0.576 seconds
Refreshing native plugins compatible for Editor in 1.83 ms, found 2 plugins.
Native extension for WindowsStandalone target not found
Native extension for OSXStandalone target not found
Mono: successfully reloaded assembly
- Finished resetting the current domain, in  2.087 seconds
Domain Reload Profiling: 2664ms
	BeginReloadAssembly (204ms)
		ExecutionOrderSort (0ms)
		DisableScriptedObjects (6ms)
		BackupInstance (0ms)
		ReleaseScriptingObjects (0ms)
		CreateAndSetChildDomain (86ms)
	RebuildCommonClasses (43ms)
	RebuildNativeTypeToScriptingClass (13ms)
	initialDomainReloadingComplete (30ms)
	LoadAllAssembliesAndSetupDomain (285ms)
		LoadAssemblies (312ms)
		RebuildTransferFunctionScriptingTraits (0ms)
		AnalyzeDomain (50ms)
			TypeCache.Refresh (15ms)
				TypeCache.ScanAssembly (1ms)
			ScanForSourceGeneratedMonoScriptInfo (20ms)
			ResolveRequiredComponents (12ms)
	FinalizeReload (2088ms)
		ReleaseScriptCaches (0ms)
		RebuildScriptCaches (0ms)
		SetupLoadedEditorAssemblies (632ms)
			LogAssemblyErrors (0ms)
			InitializePlatformSupportModulesInManaged (6ms)
			SetLoadedEditorAssemblies (5ms)
			RefreshPlugins (0ms)
			BeforeProcessingInitializeOnLoad (65ms)
			ProcessInitializeOnLoadAttributes (477ms)
			ProcessInitializeOnLoadMethodAttributes (77ms)
			AfterProcessingInitializeOnLoad (1ms)
			EditorAssembliesLoaded (0ms)
		ExecutionOrderSort2 (0ms)
		AwakeInstancesAfterBackupRestoration (6ms)
Refreshing native plugins compatible for Editor in 1.26 ms, found 2 plugins.
Preloading 0 native plugins for Editor in 0.00 ms.
Unloading 4411 Unused Serialized files (Serialized files now loaded: 0)
Unloading 45 unused Assets / (2.3 MB). Loaded Objects now: 4948.
Memory consumption went from 181.3 MB to 179.0 MB.
Total: 4.189909 ms (FindLiveObjects: 0.311740 ms CreateObjectMapping: 0.298787 ms MarkObjects: 3.159538 ms  DeleteObjects: 0.418769 ms)

Prepare: number of updated asset objects reloaded= 0
AssetImportParameters requested are different than current active one (requested -> active):
  custom:scripting/monoscript/fileName/StyledEnum.cs: cf4e9053177bc0faddc80d2c05aeaa94 -> 
  custom:scripting/monoscript/fileName/StyledMessageDrawer.cs: 20992691c2fe23b50383424cf7a26b82 -> 
  custom:container-demuxer-ogg: 62fdf1f143b41e24485cea50d1cbac27 -> 
  custom:scripting/monoscript/fileName/LoadSettingsData.cs: 601588721e15dccfe36bbb9b8f6edd21 -> 
  custom:scripting/monoscript/fileName/DrawInspectorBanner.cs: 9587624fa9133f897063690bbf7e7226 -> 
  custom:scripting/monoscript/fileName/StyledTextDrawer.cs: d8f6222dc08ae6d490686afd58ca144e -> 
  custom:video-decoder-ogg-theora: a1e56fd34408186e4bbccfd4996cb3dc -> 
  custom:scripting/monoscript/fileName/DrawWindowCategory.cs: 9587624fa9133f897063690bbf7e7226 -> 
  custom:scripting/monoscript/fileName/StyledEnumDrawer.cs: 2cf617b1db144ddbca03d98feca25c96 -> 
  custom:scripting/monoscript/fileName/StyledMaskDrawer.cs: 15cfdca36a0e036f7c50405d6fd2f1fc -> 
  custom:scripting/monoscript/fileName/StyledBanner.cs: 1fa36bded75bcc83389a35a38a24700d -> 
  custom:scripting/monoscript/fileName/StyledVectorDrawer.cs: 62a17712eb06f5707d9322c3ab33eb93 -> 
  custom:CustomObjectIndexerAttribute: 9a22284fe3817be447336de3de66b15e -> 
  custom:scripting/monoscript/fileName/StyledInteractive.cs: 0697e560670ed4999657403ac08ef097 -> 
  custom:scripting/monoscript/fileName/SceneSwitch.cs: e07e50fb982fb9a9177514ed7338d883 -> 
  custom:scripting/monoscript/fileName/StyledCategoryDrawer.cs: db8756881335f421d811372005190bb8 -> 
  custom:container-demuxer-webm: 4f35f7cbe854078d1ac9338744f61a02 -> 
  custom:scripting/monoscript/fileName/StyledOptionsSliderDrawer.cs: c046d1c06395c9490169074f7ce40942 -> 
  custom:scripting/monoscript/fileName/StyledButtonDrawer.cs: eb4cf86b17171b3614656cf46526596b -> 
  custom:scripting/monoscript/fileName/StyledTextureSingleLineDrawer.cs: eb30538f530c1c3eada93d9dbf5fdb98 -> 
  custom:scripting/monoscript/fileName/StyledIndent.cs: dbeaf677ec914da5702f1914cce99c49 -> 
  custom:scripting/monoscript/fileName/StyledMessage.cs: e9fafad453f7d1b335f7469da20954f2 -> 
  custom:scripting/monoscript/fileName/StyledCategory.cs: 8e7cf59655eb4a73d19619670d6e860a -> 
  custom:scripting/monoscript/fileName/StyledInteractiveDrawer.cs: ce19a4193f95944d4aa65f1552a65020 -> 
  custom:scripting/monoscript/fileName/SkyboxExtendedShaderGUI.cs: 84988a868e45b7e4d73ac26862426c86 -> 
  custom:scripting/monoscript/fileName/StyledMonoBehaviourEditor.cs: 55385ad0841100782ff0c99fe0a67fab -> 
  custom:container-muxer-webm: aa71ff27fc2769a1b78a27578f13a17b -> 
  custom:scripting/monoscript/fileName/StyledRangeOptions.cs: 847e8c63e564d7b3b0bcb2f213f5777f -> 
  custom:scripting/monoscript/fileName/StyledSpaceDrawer.cs: ae04b719ad6aff3b2aeb344e30967f08 -> 
  custom:scripting/monoscript/fileName/StyledBannerDrawer.cs: 9111b4ae69b4059a71d5d27afb1f49c8 -> 
  custom:video-decoder-webm-vp8: 9c59270c3fd7afecdb556c50c9e8de78 -> 
  custom:scripting/monoscript/fileName/StyledLabelGizmo.cs: 272464a11ea720827ce6fbc9495dcd01 -> 
  custom:scripting/monoscript/fileName/CamController.cs: 1fe3360b4d3bfc867ec091292a53b4f4 -> 
  custom:SearchIndexIgnoredProperties: e643bd26f0fe6173181afceb89e7c659 -> 
  custom:scripting/monoscript/fileName/StyledColoringDrawer.cs: cbe520fa5325e313888160261335ceaf -> 
  custom:AudioImporter_EditorPlatform: 3918e3fc78b5a79bad01e8451be0beb8 -> 
  custom:scripting/monoscript/fileName/NPCController.cs: 191ced54d0aa30156ed83818d05d6883 -> 
  custom:scripting/monoscript/fileName/StyledSpace.cs: 5f16ec5dfe2e6caceb850dec2c2ca3fc -> 
  custom:scripting/monoscript/fileName/StyledScriptableObjectEditor.cs: 9509d87d39724722d6132e74bf674184 -> 
  custom:scripting/monoscript/fileName/StyledText.cs: ccc1b39c79ddaed665fd78f020bc6a03 -> 
  custom:scripting/monoscript/fileName/StyledMask.cs: 4678f577def2678967fb4ffa6b2ba653 -> 
  custom:scripting/monoscript/fileName/StyledDiffusionMaterialDrawer.cs: eee2b6b0e2e39a0dff06a2e0bf1fb510 -> 
  custom:scripting/monoscript/fileName/StyledRemapSliderDrawer.cs: 47767373de4aebbee7d359c1ef1cc6a6 -> 
  custom:scripting/monoscript/fileName/StyledTextureDrawer.cs: 5869ea90bdbd2de83912dbc298b41b1a -> 
  custom:scripting/monoscript/fileName/StyledTexturePreview.cs: 793de234aad21816ed93b8494e1dec14 -> 
  custom:scripting/monoscript/fileName/StyledIndentDrawer.cs: 62715c0c2eef8b1304139febfa740d3c -> 
  custom:scripting/monoscript/fileName/StyledEmissiveIntensityDrawer.cs: 27f4a08f607831211f7e91b685c4ae40 -> 
  custom:scripting/monoscript/fileName/SettingsData.cs: 7d0e769b0ae683ebcb407da3b57e03b6 -> 
  custom:framework-osx-AVFoundation: e770b220cccbd017edd2c1fefb359320 -> 
  custom:video-encoder-webm-vp8: eb34c28f22e8b96e1ab97ce403110664 -> 
  custom:audio-decoder-ogg-vorbis: bf7c407c2cedff20999df2af8eb42d56 -> 
  custom:scripting/monoscript/fileName/DrawWindowBanner.cs: 9587624fa9133f897063690bbf7e7226 -> 
  custom:scripting/monoscript/fileName/StyledButton.cs: 9a1c2a45c1a37e41ae8464019a64708d -> 
  custom:scripting/monoscript/fileName/StyledLayersDrawer.cs: 8d23c9248cb647451e6f07d4c948eadb -> 
  custom:scripting/monoscript/fileName/StyledLayers.cs: 20b6ea0c065e716761a79565692c083a -> 
  custom:scripting/monoscript/fileName/StyledToggleDrawer.cs: fa32f0d948779827300f154d8afe8a43 -> 
  custom:scripting/monoscript/fileName/DrawInspectorCategory.cs: 9587624fa9133f897063690bbf7e7226 -> 
  custom:scripting/monoscript/fileName/StyledScriptableObject.cs: b76588d98ad28347e1e62156e8defcbe -> 
  custom:scripting/monoscript/fileName/StyledTexturePreviewDrawer.cs: 7417ab5584a7da8fe60faa208fb88af7 -> 
  custom:audio-encoder-webm-vorbis: bf7c407c2cedff20999df2af8eb42d56 -> 
  custom:scripting/monoscript/fileName/FPSController.cs: 399e3a3ec403ed247d92c0ee2e40c49d -> 
  custom:scripting/monoscript/fileName/Constants.cs: 358892efbee673e10531810c28e9f3e0 -> 
  custom:scripting/monoscript/fileName/SkyboxExtendedWindows.cs: 91db52253ea00cf20844992b86537e4d -> 
  custom:scripting/monoscript/fileName/StyledMonoBehaviour.cs: 3be224fd1c8d0edeedfe9cf261c631c4 -> 
  custom:scripting/monoscript/fileName/StyledRangeOptionsDrawer.cs: bfa83081b223cb3aca05e471b3387471 -> 
  custom:scripting/monoscript/fileName/SaveSettingsData.cs: 601588721e15dccfe36bbb9b8f6edd21 -> 
========================================================================
Received Prepare
Begin MonoManager ReloadAssembly
- Loaded All Assemblies, in  0.536 seconds
Refreshing native plugins compatible for Editor in 1.67 ms, found 2 plugins.
Native extension for WindowsStandalone target not found
Native extension for OSXStandalone target not found
Mono: successfully reloaded assembly
- Finished resetting the current domain, in  1.150 seconds
Domain Reload Profiling: 1687ms
	BeginReloadAssembly (175ms)
		ExecutionOrderSort (0ms)
		DisableScriptedObjects (5ms)
		BackupInstance (0ms)
		ReleaseScriptingObjects (0ms)
		CreateAndSetChildDomain (61ms)
	RebuildCommonClasses (47ms)
	RebuildNativeTypeToScriptingClass (14ms)
	initialDomainReloadingComplete (25ms)
	LoadAllAssembliesAndSetupDomain (275ms)
		LoadAssemblies (306ms)
		RebuildTransferFunctionScriptingTraits (0ms)
		AnalyzeDomain (47ms)
			TypeCache.Refresh (13ms)
				TypeCache.ScanAssembly (2ms)
			ScanForSourceGeneratedMonoScriptInfo (20ms)
			ResolveRequiredComponents (10ms)
	FinalizeReload (1151ms)
		ReleaseScriptCaches (0ms)
		RebuildScriptCaches (0ms)
		SetupLoadedEditorAssemblies (630ms)
			LogAssemblyErrors (0ms)
			InitializePlatformSupportModulesInManaged (7ms)
			SetLoadedEditorAssemblies (4ms)
			RefreshPlugins (0ms)
			BeforeProcessingInitializeOnLoad (76ms)
			ProcessInitializeOnLoadAttributes (468ms)
			ProcessInitializeOnLoadMethodAttributes (73ms)
			AfterProcessingInitializeOnLoad (1ms)
			EditorAssembliesLoaded (0ms)
		ExecutionOrderSort2 (0ms)
		AwakeInstancesAfterBackupRestoration (5ms)
Refreshing native plugins compatible for Editor in 1.53 ms, found 2 plugins.
Preloading 0 native plugins for Editor in 0.00 ms.
Unloading 4411 Unused Serialized files (Serialized files now loaded: 0)
Unloading 45 unused Assets / (2.3 MB). Loaded Objects now: 4951.
Memory consumption went from 185.1 MB to 182.8 MB.
Total: 4.848213 ms (FindLiveObjects: 0.366989 ms CreateObjectMapping: 0.422832 ms MarkObjects: 3.603385 ms  DeleteObjects: 0.453992 ms)

Prepare: number of updated asset objects reloaded= 0
AssetImportParameters requested are different than current active one (requested -> active):
  custom:scripting/monoscript/fileName/StyledEnum.cs: cf4e9053177bc0faddc80d2c05aeaa94 -> 
  custom:scripting/monoscript/fileName/StyledMessageDrawer.cs: 20992691c2fe23b50383424cf7a26b82 -> 
  custom:container-demuxer-ogg: 62fdf1f143b41e24485cea50d1cbac27 -> 
  custom:scripting/monoscript/fileName/LoadSettingsData.cs: 601588721e15dccfe36bbb9b8f6edd21 -> 
  custom:scripting/monoscript/fileName/DrawInspectorBanner.cs: 9587624fa9133f897063690bbf7e7226 -> 
  custom:scripting/monoscript/fileName/StyledTextDrawer.cs: d8f6222dc08ae6d490686afd58ca144e -> 
  custom:video-decoder-ogg-theora: a1e56fd34408186e4bbccfd4996cb3dc -> 
  custom:scripting/monoscript/fileName/DrawWindowCategory.cs: 9587624fa9133f897063690bbf7e7226 -> 
  custom:scripting/monoscript/fileName/StyledEnumDrawer.cs: 2cf617b1db144ddbca03d98feca25c96 -> 
  custom:scripting/monoscript/fileName/StyledMaskDrawer.cs: 15cfdca36a0e036f7c50405d6fd2f1fc -> 
  custom:scripting/monoscript/fileName/StyledBanner.cs: 1fa36bded75bcc83389a35a38a24700d -> 
  custom:scripting/monoscript/fileName/StyledVectorDrawer.cs: 62a17712eb06f5707d9322c3ab33eb93 -> 
  custom:CustomObjectIndexerAttribute: 9a22284fe3817be447336de3de66b15e -> 
  custom:scripting/monoscript/fileName/StyledInteractive.cs: 0697e560670ed4999657403ac08ef097 -> 
  custom:scripting/monoscript/fileName/SceneSwitch.cs: e07e50fb982fb9a9177514ed7338d883 -> 
  custom:scripting/monoscript/fileName/StyledCategoryDrawer.cs: db8756881335f421d811372005190bb8 -> 
  custom:container-demuxer-webm: 4f35f7cbe854078d1ac9338744f61a02 -> 
  custom:scripting/monoscript/fileName/StyledOptionsSliderDrawer.cs: c046d1c06395c9490169074f7ce40942 -> 
  custom:scripting/monoscript/fileName/StyledButtonDrawer.cs: eb4cf86b17171b3614656cf46526596b -> 
  custom:scripting/monoscript/fileName/StyledTextureSingleLineDrawer.cs: eb30538f530c1c3eada93d9dbf5fdb98 -> 
  custom:scripting/monoscript/fileName/StyledIndent.cs: dbeaf677ec914da5702f1914cce99c49 -> 
  custom:scripting/monoscript/fileName/StyledMessage.cs: e9fafad453f7d1b335f7469da20954f2 -> 
  custom:scripting/monoscript/fileName/StyledCategory.cs: 8e7cf59655eb4a73d19619670d6e860a -> 
  custom:scripting/monoscript/fileName/StyledInteractiveDrawer.cs: ce19a4193f95944d4aa65f1552a65020 -> 
  custom:scripting/monoscript/fileName/SkyboxExtendedShaderGUI.cs: 84988a868e45b7e4d73ac26862426c86 -> 
  custom:scripting/monoscript/fileName/StyledMonoBehaviourEditor.cs: 55385ad0841100782ff0c99fe0a67fab -> 
  custom:container-muxer-webm: aa71ff27fc2769a1b78a27578f13a17b -> 
  custom:scripting/monoscript/fileName/StyledRangeOptions.cs: 847e8c63e564d7b3b0bcb2f213f5777f -> 
  custom:scripting/monoscript/fileName/StyledSpaceDrawer.cs: ae04b719ad6aff3b2aeb344e30967f08 -> 
  custom:scripting/monoscript/fileName/StyledBannerDrawer.cs: 9111b4ae69b4059a71d5d27afb1f49c8 -> 
  custom:video-decoder-webm-vp8: 9c59270c3fd7afecdb556c50c9e8de78 -> 
  custom:scripting/monoscript/fileName/StyledLabelGizmo.cs: 272464a11ea720827ce6fbc9495dcd01 -> 
  custom:scripting/monoscript/fileName/CamController.cs: 1fe3360b4d3bfc867ec091292a53b4f4 -> 
  custom:SearchIndexIgnoredProperties: e643bd26f0fe6173181afceb89e7c659 -> 
  custom:scripting/monoscript/fileName/StyledColoringDrawer.cs: cbe520fa5325e313888160261335ceaf -> 
  custom:AudioImporter_EditorPlatform: 3918e3fc78b5a79bad01e8451be0beb8 -> 
  custom:scripting/monoscript/fileName/NPCController.cs: 191ced54d0aa30156ed83818d05d6883 -> 
  custom:scripting/monoscript/fileName/StyledSpace.cs: 5f16ec5dfe2e6caceb850dec2c2ca3fc -> 
  custom:scripting/monoscript/fileName/StyledScriptableObjectEditor.cs: 9509d87d39724722d6132e74bf674184 -> 
  custom:scripting/monoscript/fileName/StyledText.cs: ccc1b39c79ddaed665fd78f020bc6a03 -> 
  custom:scripting/monoscript/fileName/StyledMask.cs: 4678f577def2678967fb4ffa6b2ba653 -> 
  custom:scripting/monoscript/fileName/StyledDiffusionMaterialDrawer.cs: eee2b6b0e2e39a0dff06a2e0bf1fb510 -> 
  custom:scripting/monoscript/fileName/StyledRemapSliderDrawer.cs: 47767373de4aebbee7d359c1ef1cc6a6 -> 
  custom:scripting/monoscript/fileName/StyledTextureDrawer.cs: 5869ea90bdbd2de83912dbc298b41b1a -> 
  custom:scripting/monoscript/fileName/StyledTexturePreview.cs: 793de234aad21816ed93b8494e1dec14 -> 
  custom:scripting/monoscript/fileName/StyledIndentDrawer.cs: 62715c0c2eef8b1304139febfa740d3c -> 
  custom:scripting/monoscript/fileName/StyledEmissiveIntensityDrawer.cs: 27f4a08f607831211f7e91b685c4ae40 -> 
  custom:scripting/monoscript/fileName/SettingsData.cs: 7d0e769b0ae683ebcb407da3b57e03b6 -> 
  custom:framework-osx-AVFoundation: e770b220cccbd017edd2c1fefb359320 -> 
  custom:video-encoder-webm-vp8: eb34c28f22e8b96e1ab97ce403110664 -> 
  custom:audio-decoder-ogg-vorbis: bf7c407c2cedff20999df2af8eb42d56 -> 
  custom:scripting/monoscript/fileName/DrawWindowBanner.cs: 9587624fa9133f897063690bbf7e7226 -> 
  custom:scripting/monoscript/fileName/StyledButton.cs: 9a1c2a45c1a37e41ae8464019a64708d -> 
  custom:scripting/monoscript/fileName/StyledLayersDrawer.cs: 8d23c9248cb647451e6f07d4c948eadb -> 
  custom:scripting/monoscript/fileName/StyledLayers.cs: 20b6ea0c065e716761a79565692c083a -> 
  custom:scripting/monoscript/fileName/StyledToggleDrawer.cs: fa32f0d948779827300f154d8afe8a43 -> 
  custom:scripting/monoscript/fileName/DrawInspectorCategory.cs: 9587624fa9133f897063690bbf7e7226 -> 
  custom:scripting/monoscript/fileName/StyledScriptableObject.cs: b76588d98ad28347e1e62156e8defcbe -> 
  custom:scripting/monoscript/fileName/StyledTexturePreviewDrawer.cs: 7417ab5584a7da8fe60faa208fb88af7 -> 
  custom:audio-encoder-webm-vorbis: bf7c407c2cedff20999df2af8eb42d56 -> 
  custom:scripting/monoscript/fileName/FPSController.cs: 399e3a3ec403ed247d92c0ee2e40c49d -> 
  custom:scripting/monoscript/fileName/Constants.cs: 358892efbee673e10531810c28e9f3e0 -> 
  custom:scripting/monoscript/fileName/SkyboxExtendedWindows.cs: 91db52253ea00cf20844992b86537e4d -> 
  custom:scripting/monoscript/fileName/StyledMonoBehaviour.cs: 3be224fd1c8d0edeedfe9cf261c631c4 -> 
  custom:scripting/monoscript/fileName/StyledRangeOptionsDrawer.cs: bfa83081b223cb3aca05e471b3387471 -> 
  custom:scripting/monoscript/fileName/SaveSettingsData.cs: 601588721e15dccfe36bbb9b8f6edd21 -> 
========================================================================
Received Prepare
Begin MonoManager ReloadAssembly
- Loaded All Assemblies, in  0.547 seconds
Refreshing native plugins compatible for Editor in 1.67 ms, found 2 plugins.
Native extension for WindowsStandalone target not found
Native extension for OSXStandalone target not found
Mono: successfully reloaded assembly
- Finished resetting the current domain, in  1.137 seconds
Domain Reload Profiling: 1685ms
	BeginReloadAssembly (203ms)
		ExecutionOrderSort (0ms)
		DisableScriptedObjects (6ms)
		BackupInstance (0ms)
		ReleaseScriptingObjects (0ms)
		CreateAndSetChildDomain (75ms)
	RebuildCommonClasses (47ms)
	RebuildNativeTypeToScriptingClass (14ms)
	initialDomainReloadingComplete (28ms)
	LoadAllAssembliesAndSetupDomain (255ms)
		LoadAssemblies (316ms)
		RebuildTransferFunctionScriptingTraits (0ms)
		AnalyzeDomain (22ms)
			TypeCache.Refresh (8ms)
				TypeCache.ScanAssembly (0ms)
			ScanForSourceGeneratedMonoScriptInfo (0ms)
			ResolveRequiredComponents (11ms)
	FinalizeReload (1138ms)
		ReleaseScriptCaches (0ms)
		RebuildScriptCaches (0ms)
		SetupLoadedEditorAssemblies (623ms)
			LogAssemblyErrors (0ms)
			InitializePlatformSupportModulesInManaged (6ms)
			SetLoadedEditorAssemblies (4ms)
			RefreshPlugins (0ms)
			BeforeProcessingInitializeOnLoad (62ms)
			ProcessInitializeOnLoadAttributes (456ms)
			ProcessInitializeOnLoadMethodAttributes (93ms)
			AfterProcessingInitializeOnLoad (1ms)
			EditorAssembliesLoaded (0ms)
		ExecutionOrderSort2 (0ms)
		AwakeInstancesAfterBackupRestoration (6ms)
Refreshing native plugins compatible for Editor in 1.50 ms, found 2 plugins.
Preloading 0 native plugins for Editor in 0.00 ms.
Unloading 4411 Unused Serialized files (Serialized files now loaded: 0)
Unloading 45 unused Assets / (2.3 MB). Loaded Objects now: 4954.
Memory consumption went from 189.0 MB to 186.7 MB.
Total: 4.374472 ms (FindLiveObjects: 0.320122 ms CreateObjectMapping: 0.339075 ms MarkObjects: 3.257993 ms  DeleteObjects: 0.456494 ms)

Prepare: number of updated asset objects reloaded= 0
AssetImportParameters requested are different than current active one (requested -> active):
  custom:scripting/monoscript/fileName/StyledEnum.cs: cf4e9053177bc0faddc80d2c05aeaa94 -> 
  custom:scripting/monoscript/fileName/StyledMessageDrawer.cs: 20992691c2fe23b50383424cf7a26b82 -> 
  custom:container-demuxer-ogg: 62fdf1f143b41e24485cea50d1cbac27 -> 
  custom:scripting/monoscript/fileName/LoadSettingsData.cs: 601588721e15dccfe36bbb9b8f6edd21 -> 
  custom:scripting/monoscript/fileName/DrawInspectorBanner.cs: 9587624fa9133f897063690bbf7e7226 -> 
  custom:scripting/monoscript/fileName/StyledTextDrawer.cs: d8f6222dc08ae6d490686afd58ca144e -> 
  custom:video-decoder-ogg-theora: a1e56fd34408186e4bbccfd4996cb3dc -> 
  custom:scripting/monoscript/fileName/DrawWindowCategory.cs: 9587624fa9133f897063690bbf7e7226 -> 
  custom:scripting/monoscript/fileName/StyledEnumDrawer.cs: 2cf617b1db144ddbca03d98feca25c96 -> 
  custom:scripting/monoscript/fileName/StyledMaskDrawer.cs: 15cfdca36a0e036f7c50405d6fd2f1fc -> 
  custom:scripting/monoscript/fileName/StyledBanner.cs: 1fa36bded75bcc83389a35a38a24700d -> 
  custom:scripting/monoscript/fileName/StyledVectorDrawer.cs: 62a17712eb06f5707d9322c3ab33eb93 -> 
  custom:CustomObjectIndexerAttribute: 9a22284fe3817be447336de3de66b15e -> 
  custom:scripting/monoscript/fileName/StyledInteractive.cs: 0697e560670ed4999657403ac08ef097 -> 
  custom:scripting/monoscript/fileName/SceneSwitch.cs: e07e50fb982fb9a9177514ed7338d883 -> 
  custom:scripting/monoscript/fileName/StyledCategoryDrawer.cs: db8756881335f421d811372005190bb8 -> 
  custom:container-demuxer-webm: 4f35f7cbe854078d1ac9338744f61a02 -> 
  custom:scripting/monoscript/fileName/StyledOptionsSliderDrawer.cs: c046d1c06395c9490169074f7ce40942 -> 
  custom:scripting/monoscript/fileName/StyledButtonDrawer.cs: eb4cf86b17171b3614656cf46526596b -> 
  custom:scripting/monoscript/fileName/StyledTextureSingleLineDrawer.cs: eb30538f530c1c3eada93d9dbf5fdb98 -> 
  custom:scripting/monoscript/fileName/StyledIndent.cs: dbeaf677ec914da5702f1914cce99c49 -> 
  custom:scripting/monoscript/fileName/StyledMessage.cs: e9fafad453f7d1b335f7469da20954f2 -> 
  custom:scripting/monoscript/fileName/StyledCategory.cs: 8e7cf59655eb4a73d19619670d6e860a -> 
  custom:scripting/monoscript/fileName/StyledInteractiveDrawer.cs: ce19a4193f95944d4aa65f1552a65020 -> 
  custom:scripting/monoscript/fileName/SkyboxExtendedShaderGUI.cs: 84988a868e45b7e4d73ac26862426c86 -> 
  custom:scripting/monoscript/fileName/StyledMonoBehaviourEditor.cs: 55385ad0841100782ff0c99fe0a67fab -> 
  custom:container-muxer-webm: aa71ff27fc2769a1b78a27578f13a17b -> 
  custom:scripting/monoscript/fileName/StyledRangeOptions.cs: 847e8c63e564d7b3b0bcb2f213f5777f -> 
  custom:scripting/monoscript/fileName/StyledSpaceDrawer.cs: ae04b719ad6aff3b2aeb344e30967f08 -> 
  custom:scripting/monoscript/fileName/StyledBannerDrawer.cs: 9111b4ae69b4059a71d5d27afb1f49c8 -> 
  custom:video-decoder-webm-vp8: 9c59270c3fd7afecdb556c50c9e8de78 -> 
  custom:scripting/monoscript/fileName/StyledLabelGizmo.cs: 272464a11ea720827ce6fbc9495dcd01 -> 
  custom:scripting/monoscript/fileName/CamController.cs: 1fe3360b4d3bfc867ec091292a53b4f4 -> 
  custom:SearchIndexIgnoredProperties: e643bd26f0fe6173181afceb89e7c659 -> 
  custom:scripting/monoscript/fileName/StyledColoringDrawer.cs: cbe520fa5325e313888160261335ceaf -> 
  custom:AudioImporter_EditorPlatform: 3918e3fc78b5a79bad01e8451be0beb8 -> 
  custom:scripting/monoscript/fileName/NPCController.cs: 191ced54d0aa30156ed83818d05d6883 -> 
  custom:scripting/monoscript/fileName/StyledSpace.cs: 5f16ec5dfe2e6caceb850dec2c2ca3fc -> 
  custom:scripting/monoscript/fileName/StyledScriptableObjectEditor.cs: 9509d87d39724722d6132e74bf674184 -> 
  custom:scripting/monoscript/fileName/StyledText.cs: ccc1b39c79ddaed665fd78f020bc6a03 -> 
  custom:scripting/monoscript/fileName/StyledMask.cs: 4678f577def2678967fb4ffa6b2ba653 -> 
  custom:scripting/monoscript/fileName/StyledDiffusionMaterialDrawer.cs: eee2b6b0e2e39a0dff06a2e0bf1fb510 -> 
  custom:scripting/monoscript/fileName/StyledRemapSliderDrawer.cs: 47767373de4aebbee7d359c1ef1cc6a6 -> 
  custom:scripting/monoscript/fileName/StyledTextureDrawer.cs: 5869ea90bdbd2de83912dbc298b41b1a -> 
  custom:scripting/monoscript/fileName/StyledTexturePreview.cs: 793de234aad21816ed93b8494e1dec14 -> 
  custom:scripting/monoscript/fileName/StyledIndentDrawer.cs: 62715c0c2eef8b1304139febfa740d3c -> 
  custom:scripting/monoscript/fileName/StyledEmissiveIntensityDrawer.cs: 27f4a08f607831211f7e91b685c4ae40 -> 
  custom:scripting/monoscript/fileName/SettingsData.cs: 7d0e769b0ae683ebcb407da3b57e03b6 -> 
  custom:framework-osx-AVFoundation: e770b220cccbd017edd2c1fefb359320 -> 
  custom:video-encoder-webm-vp8: eb34c28f22e8b96e1ab97ce403110664 -> 
  custom:audio-decoder-ogg-vorbis: bf7c407c2cedff20999df2af8eb42d56 -> 
  custom:scripting/monoscript/fileName/DrawWindowBanner.cs: 9587624fa9133f897063690bbf7e7226 -> 
  custom:scripting/monoscript/fileName/StyledButton.cs: 9a1c2a45c1a37e41ae8464019a64708d -> 
  custom:scripting/monoscript/fileName/StyledLayersDrawer.cs: 8d23c9248cb647451e6f07d4c948eadb -> 
  custom:scripting/monoscript/fileName/StyledLayers.cs: 20b6ea0c065e716761a79565692c083a -> 
  custom:scripting/monoscript/fileName/StyledToggleDrawer.cs: fa32f0d948779827300f154d8afe8a43 -> 
  custom:scripting/monoscript/fileName/DrawInspectorCategory.cs: 9587624fa9133f897063690bbf7e7226 -> 
  custom:scripting/monoscript/fileName/StyledScriptableObject.cs: b76588d98ad28347e1e62156e8defcbe -> 
  custom:scripting/monoscript/fileName/StyledTexturePreviewDrawer.cs: 7417ab5584a7da8fe60faa208fb88af7 -> 
  custom:audio-encoder-webm-vorbis: bf7c407c2cedff20999df2af8eb42d56 -> 
  custom:scripting/monoscript/fileName/FPSController.cs: 399e3a3ec403ed247d92c0ee2e40c49d -> 
  custom:scripting/monoscript/fileName/Constants.cs: 358892efbee673e10531810c28e9f3e0 -> 
  custom:scripting/monoscript/fileName/SkyboxExtendedWindows.cs: 91db52253ea00cf20844992b86537e4d -> 
  custom:scripting/monoscript/fileName/StyledMonoBehaviour.cs: 3be224fd1c8d0edeedfe9cf261c631c4 -> 
  custom:scripting/monoscript/fileName/StyledRangeOptionsDrawer.cs: bfa83081b223cb3aca05e471b3387471 -> 
  custom:scripting/monoscript/fileName/SaveSettingsData.cs: 601588721e15dccfe36bbb9b8f6edd21 -> 
========================================================================
Received Prepare
Begin MonoManager ReloadAssembly
- Loaded All Assemblies, in  0.596 seconds
Refreshing native plugins compatible for Editor in 1.68 ms, found 2 plugins.
Native extension for WindowsStandalone target not found
Native extension for OSXStandalone target not found
Mono: successfully reloaded assembly
- Finished resetting the current domain, in  1.151 seconds
Domain Reload Profiling: 1747ms
	BeginReloadAssembly (218ms)
		ExecutionOrderSort (0ms)
		DisableScriptedObjects (6ms)
		BackupInstance (0ms)
		ReleaseScriptingObjects (0ms)
		CreateAndSetChildDomain (72ms)
	RebuildCommonClasses (69ms)
	RebuildNativeTypeToScriptingClass (16ms)
	initialDomainReloadingComplete (28ms)
	LoadAllAssembliesAndSetupDomain (264ms)
		LoadAssemblies (343ms)
		RebuildTransferFunctionScriptingTraits (0ms)
		AnalyzeDomain (24ms)
			TypeCache.Refresh (8ms)
				TypeCache.ScanAssembly (0ms)
			ScanForSourceGeneratedMonoScriptInfo (0ms)
			ResolveRequiredComponents (12ms)
	FinalizeReload (1151ms)
		ReleaseScriptCaches (0ms)
		RebuildScriptCaches (0ms)
		SetupLoadedEditorAssemblies (636ms)
			LogAssemblyErrors (0ms)
			InitializePlatformSupportModulesInManaged (6ms)
			SetLoadedEditorAssemblies (4ms)
			RefreshPlugins (0ms)
			BeforeProcessingInitializeOnLoad (63ms)
			ProcessInitializeOnLoadAttributes (466ms)
			ProcessInitializeOnLoadMethodAttributes (94ms)
			AfterProcessingInitializeOnLoad (1ms)
			EditorAssembliesLoaded (0ms)
		ExecutionOrderSort2 (0ms)
		AwakeInstancesAfterBackupRestoration (6ms)
Refreshing native plugins compatible for Editor in 1.36 ms, found 2 plugins.
Preloading 0 native plugins for Editor in 0.00 ms.
Unloading 4411 Unused Serialized files (Serialized files now loaded: 0)
Unloading 45 unused Assets / (2.3 MB). Loaded Objects now: 4957.
Memory consumption went from 192.9 MB to 190.6 MB.
Total: 4.192135 ms (FindLiveObjects: 0.328046 ms CreateObjectMapping: 0.285456 ms MarkObjects: 3.150152 ms  DeleteObjects: 0.427453 ms)

Prepare: number of updated asset objects reloaded= 0
AssetImportParameters requested are different than current active one (requested -> active):
  custom:scripting/monoscript/fileName/StyledEnum.cs: cf4e9053177bc0faddc80d2c05aeaa94 -> 
  custom:scripting/monoscript/fileName/StyledMessageDrawer.cs: 20992691c2fe23b50383424cf7a26b82 -> 
  custom:container-demuxer-ogg: 62fdf1f143b41e24485cea50d1cbac27 -> 
  custom:scripting/monoscript/fileName/LoadSettingsData.cs: 601588721e15dccfe36bbb9b8f6edd21 -> 
  custom:scripting/monoscript/fileName/DrawInspectorBanner.cs: 9587624fa9133f897063690bbf7e7226 -> 
  custom:scripting/monoscript/fileName/StyledTextDrawer.cs: d8f6222dc08ae6d490686afd58ca144e -> 
  custom:video-decoder-ogg-theora: a1e56fd34408186e4bbccfd4996cb3dc -> 
  custom:scripting/monoscript/fileName/DrawWindowCategory.cs: 9587624fa9133f897063690bbf7e7226 -> 
  custom:scripting/monoscript/fileName/StyledEnumDrawer.cs: 2cf617b1db144ddbca03d98feca25c96 -> 
  custom:scripting/monoscript/fileName/StyledMaskDrawer.cs: 15cfdca36a0e036f7c50405d6fd2f1fc -> 
  custom:scripting/monoscript/fileName/StyledBanner.cs: 1fa36bded75bcc83389a35a38a24700d -> 
  custom:scripting/monoscript/fileName/StyledVectorDrawer.cs: 62a17712eb06f5707d9322c3ab33eb93 -> 
  custom:CustomObjectIndexerAttribute: 9a22284fe3817be447336de3de66b15e -> 
  custom:scripting/monoscript/fileName/StyledInteractive.cs: 0697e560670ed4999657403ac08ef097 -> 
  custom:scripting/monoscript/fileName/SceneSwitch.cs: e07e50fb982fb9a9177514ed7338d883 -> 
  custom:scripting/monoscript/fileName/StyledCategoryDrawer.cs: db8756881335f421d811372005190bb8 -> 
  custom:container-demuxer-webm: 4f35f7cbe854078d1ac9338744f61a02 -> 
  custom:scripting/monoscript/fileName/StyledOptionsSliderDrawer.cs: c046d1c06395c9490169074f7ce40942 -> 
  custom:scripting/monoscript/fileName/StyledButtonDrawer.cs: eb4cf86b17171b3614656cf46526596b -> 
  custom:scripting/monoscript/fileName/StyledTextureSingleLineDrawer.cs: eb30538f530c1c3eada93d9dbf5fdb98 -> 
  custom:scripting/monoscript/fileName/StyledIndent.cs: dbeaf677ec914da5702f1914cce99c49 -> 
  custom:scripting/monoscript/fileName/StyledMessage.cs: e9fafad453f7d1b335f7469da20954f2 -> 
  custom:scripting/monoscript/fileName/StyledCategory.cs: 8e7cf59655eb4a73d19619670d6e860a -> 
  custom:scripting/monoscript/fileName/StyledInteractiveDrawer.cs: ce19a4193f95944d4aa65f1552a65020 -> 
  custom:scripting/monoscript/fileName/SkyboxExtendedShaderGUI.cs: 84988a868e45b7e4d73ac26862426c86 -> 
  custom:scripting/monoscript/fileName/StyledMonoBehaviourEditor.cs: 55385ad0841100782ff0c99fe0a67fab -> 
  custom:container-muxer-webm: aa71ff27fc2769a1b78a27578f13a17b -> 
  custom:scripting/monoscript/fileName/StyledRangeOptions.cs: 847e8c63e564d7b3b0bcb2f213f5777f -> 
  custom:scripting/monoscript/fileName/StyledSpaceDrawer.cs: ae04b719ad6aff3b2aeb344e30967f08 -> 
  custom:scripting/monoscript/fileName/StyledBannerDrawer.cs: 9111b4ae69b4059a71d5d27afb1f49c8 -> 
  custom:video-decoder-webm-vp8: 9c59270c3fd7afecdb556c50c9e8de78 -> 
  custom:scripting/monoscript/fileName/StyledLabelGizmo.cs: 272464a11ea720827ce6fbc9495dcd01 -> 
  custom:scripting/monoscript/fileName/CamController.cs: 1fe3360b4d3bfc867ec091292a53b4f4 -> 
  custom:SearchIndexIgnoredProperties: e643bd26f0fe6173181afceb89e7c659 -> 
  custom:scripting/monoscript/fileName/StyledColoringDrawer.cs: cbe520fa5325e313888160261335ceaf -> 
  custom:AudioImporter_EditorPlatform: 3918e3fc78b5a79bad01e8451be0beb8 -> 
  custom:scripting/monoscript/fileName/NPCController.cs: 191ced54d0aa30156ed83818d05d6883 -> 
  custom:scripting/monoscript/fileName/StyledSpace.cs: 5f16ec5dfe2e6caceb850dec2c2ca3fc -> 
  custom:scripting/monoscript/fileName/StyledScriptableObjectEditor.cs: 9509d87d39724722d6132e74bf674184 -> 
  custom:scripting/monoscript/fileName/StyledText.cs: ccc1b39c79ddaed665fd78f020bc6a03 -> 
  custom:scripting/monoscript/fileName/StyledMask.cs: 4678f577def2678967fb4ffa6b2ba653 -> 
  custom:scripting/monoscript/fileName/StyledDiffusionMaterialDrawer.cs: eee2b6b0e2e39a0dff06a2e0bf1fb510 -> 
  custom:scripting/monoscript/fileName/StyledRemapSliderDrawer.cs: 47767373de4aebbee7d359c1ef1cc6a6 -> 
  custom:scripting/monoscript/fileName/StyledTextureDrawer.cs: 5869ea90bdbd2de83912dbc298b41b1a -> 
  custom:scripting/monoscript/fileName/StyledTexturePreview.cs: 793de234aad21816ed93b8494e1dec14 -> 
  custom:scripting/monoscript/fileName/StyledIndentDrawer.cs: 62715c0c2eef8b1304139febfa740d3c -> 
  custom:scripting/monoscript/fileName/StyledEmissiveIntensityDrawer.cs: 27f4a08f607831211f7e91b685c4ae40 -> 
  custom:scripting/monoscript/fileName/SettingsData.cs: 7d0e769b0ae683ebcb407da3b57e03b6 -> 
  custom:framework-osx-AVFoundation: e770b220cccbd017edd2c1fefb359320 -> 
  custom:video-encoder-webm-vp8: eb34c28f22e8b96e1ab97ce403110664 -> 
  custom:audio-decoder-ogg-vorbis: bf7c407c2cedff20999df2af8eb42d56 -> 
  custom:scripting/monoscript/fileName/DrawWindowBanner.cs: 9587624fa9133f897063690bbf7e7226 -> 
  custom:scripting/monoscript/fileName/StyledButton.cs: 9a1c2a45c1a37e41ae8464019a64708d -> 
  custom:scripting/monoscript/fileName/StyledLayersDrawer.cs: 8d23c9248cb647451e6f07d4c948eadb -> 
  custom:scripting/monoscript/fileName/StyledLayers.cs: 20b6ea0c065e716761a79565692c083a -> 
  custom:scripting/monoscript/fileName/StyledToggleDrawer.cs: fa32f0d948779827300f154d8afe8a43 -> 
  custom:scripting/monoscript/fileName/DrawInspectorCategory.cs: 9587624fa9133f897063690bbf7e7226 -> 
  custom:scripting/monoscript/fileName/StyledScriptableObject.cs: b76588d98ad28347e1e62156e8defcbe -> 
  custom:scripting/monoscript/fileName/StyledTexturePreviewDrawer.cs: 7417ab5584a7da8fe60faa208fb88af7 -> 
  custom:audio-encoder-webm-vorbis: bf7c407c2cedff20999df2af8eb42d56 -> 
  custom:scripting/monoscript/fileName/FPSController.cs: 399e3a3ec403ed247d92c0ee2e40c49d -> 
  custom:scripting/monoscript/fileName/Constants.cs: 358892efbee673e10531810c28e9f3e0 -> 
  custom:scripting/monoscript/fileName/SkyboxExtendedWindows.cs: 91db52253ea00cf20844992b86537e4d -> 
  custom:scripting/monoscript/fileName/StyledMonoBehaviour.cs: 3be224fd1c8d0edeedfe9cf261c631c4 -> 
  custom:scripting/monoscript/fileName/StyledRangeOptionsDrawer.cs: bfa83081b223cb3aca05e471b3387471 -> 
  custom:scripting/monoscript/fileName/SaveSettingsData.cs: 601588721e15dccfe36bbb9b8f6edd21 -> 
========================================================================
Received Prepare
Begin MonoManager ReloadAssembly
- Loaded All Assemblies, in  0.574 seconds
Refreshing native plugins compatible for Editor in 1.76 ms, found 2 plugins.
Native extension for WindowsStandalone target not found
Native extension for OSXStandalone target not found
Mono: successfully reloaded assembly
- Finished resetting the current domain, in  1.943 seconds
Domain Reload Profiling: 2517ms
	BeginReloadAssembly (196ms)
		ExecutionOrderSort (0ms)
		DisableScriptedObjects (6ms)
		BackupInstance (0ms)
		ReleaseScriptingObjects (0ms)
		CreateAndSetChildDomain (74ms)
	RebuildCommonClasses (47ms)
	RebuildNativeTypeToScriptingClass (15ms)
	initialDomainReloadingComplete (28ms)
	LoadAllAssembliesAndSetupDomain (287ms)
		LoadAssemblies (342ms)
		RebuildTransferFunctionScriptingTraits (0ms)
		AnalyzeDomain (24ms)
			TypeCache.Refresh (8ms)
				TypeCache.ScanAssembly (0ms)
			ScanForSourceGeneratedMonoScriptInfo (0ms)
			ResolveRequiredComponents (11ms)
	FinalizeReload (1944ms)
		ReleaseScriptCaches (0ms)
		RebuildScriptCaches (0ms)
		SetupLoadedEditorAssemblies (558ms)
			LogAssemblyErrors (0ms)
			InitializePlatformSupportModulesInManaged (6ms)
			SetLoadedEditorAssemblies (4ms)
			RefreshPlugins (0ms)
			BeforeProcessingInitializeOnLoad (62ms)
			ProcessInitializeOnLoadAttributes (417ms)
			ProcessInitializeOnLoadMethodAttributes (68ms)
			AfterProcessingInitializeOnLoad (1ms)
			EditorAssembliesLoaded (0ms)
		ExecutionOrderSort2 (0ms)
		AwakeInstancesAfterBackupRestoration (5ms)
Refreshing native plugins compatible for Editor in 1.54 ms, found 2 plugins.
Preloading 0 native plugins for Editor in 0.00 ms.
Unloading 4411 Unused Serialized files (Serialized files now loaded: 0)
Unloading 45 unused Assets / (2.3 MB). Loaded Objects now: 4960.
Memory consumption went from 196.7 MB to 194.4 MB.
Total: 4.720076 ms (FindLiveObjects: 0.352499 ms CreateObjectMapping: 0.309999 ms MarkObjects: 3.273150 ms  DeleteObjects: 0.783397 ms)

Prepare: number of updated asset objects reloaded= 0
AssetImportParameters requested are different than current active one (requested -> active):
  custom:scripting/monoscript/fileName/StyledEnum.cs: cf4e9053177bc0faddc80d2c05aeaa94 -> 
  custom:scripting/monoscript/fileName/StyledMessageDrawer.cs: 20992691c2fe23b50383424cf7a26b82 -> 
  custom:container-demuxer-ogg: 62fdf1f143b41e24485cea50d1cbac27 -> 
  custom:scripting/monoscript/fileName/LoadSettingsData.cs: 601588721e15dccfe36bbb9b8f6edd21 -> 
  custom:scripting/monoscript/fileName/DrawInspectorBanner.cs: 9587624fa9133f897063690bbf7e7226 -> 
  custom:scripting/monoscript/fileName/StyledTextDrawer.cs: d8f6222dc08ae6d490686afd58ca144e -> 
  custom:video-decoder-ogg-theora: a1e56fd34408186e4bbccfd4996cb3dc -> 
  custom:scripting/monoscript/fileName/DrawWindowCategory.cs: 9587624fa9133f897063690bbf7e7226 -> 
  custom:scripting/monoscript/fileName/StyledEnumDrawer.cs: 2cf617b1db144ddbca03d98feca25c96 -> 
  custom:scripting/monoscript/fileName/StyledMaskDrawer.cs: 15cfdca36a0e036f7c50405d6fd2f1fc -> 
  custom:scripting/monoscript/fileName/StyledBanner.cs: 1fa36bded75bcc83389a35a38a24700d -> 
  custom:scripting/monoscript/fileName/StyledVectorDrawer.cs: 62a17712eb06f5707d9322c3ab33eb93 -> 
  custom:CustomObjectIndexerAttribute: 9a22284fe3817be447336de3de66b15e -> 
  custom:scripting/monoscript/fileName/StyledInteractive.cs: 0697e560670ed4999657403ac08ef097 -> 
  custom:scripting/monoscript/fileName/SceneSwitch.cs: e07e50fb982fb9a9177514ed7338d883 -> 
  custom:scripting/monoscript/fileName/StyledCategoryDrawer.cs: db8756881335f421d811372005190bb8 -> 
  custom:container-demuxer-webm: 4f35f7cbe854078d1ac9338744f61a02 -> 
  custom:scripting/monoscript/fileName/StyledOptionsSliderDrawer.cs: c046d1c06395c9490169074f7ce40942 -> 
  custom:scripting/monoscript/fileName/StyledButtonDrawer.cs: eb4cf86b17171b3614656cf46526596b -> 
  custom:scripting/monoscript/fileName/StyledTextureSingleLineDrawer.cs: eb30538f530c1c3eada93d9dbf5fdb98 -> 
  custom:scripting/monoscript/fileName/StyledIndent.cs: dbeaf677ec914da5702f1914cce99c49 -> 
  custom:scripting/monoscript/fileName/StyledMessage.cs: e9fafad453f7d1b335f7469da20954f2 -> 
  custom:scripting/monoscript/fileName/StyledCategory.cs: 8e7cf59655eb4a73d19619670d6e860a -> 
  custom:scripting/monoscript/fileName/StyledInteractiveDrawer.cs: ce19a4193f95944d4aa65f1552a65020 -> 
  custom:scripting/monoscript/fileName/SkyboxExtendedShaderGUI.cs: 84988a868e45b7e4d73ac26862426c86 -> 
  custom:scripting/monoscript/fileName/StyledMonoBehaviourEditor.cs: 55385ad0841100782ff0c99fe0a67fab -> 
  custom:container-muxer-webm: aa71ff27fc2769a1b78a27578f13a17b -> 
  custom:scripting/monoscript/fileName/StyledRangeOptions.cs: 847e8c63e564d7b3b0bcb2f213f5777f -> 
  custom:scripting/monoscript/fileName/StyledSpaceDrawer.cs: ae04b719ad6aff3b2aeb344e30967f08 -> 
  custom:scripting/monoscript/fileName/StyledBannerDrawer.cs: 9111b4ae69b4059a71d5d27afb1f49c8 -> 
  custom:video-decoder-webm-vp8: 9c59270c3fd7afecdb556c50c9e8de78 -> 
  custom:scripting/monoscript/fileName/StyledLabelGizmo.cs: 272464a11ea720827ce6fbc9495dcd01 -> 
  custom:scripting/monoscript/fileName/CamController.cs: 1fe3360b4d3bfc867ec091292a53b4f4 -> 
  custom:SearchIndexIgnoredProperties: e643bd26f0fe6173181afceb89e7c659 -> 
  custom:scripting/monoscript/fileName/StyledColoringDrawer.cs: cbe520fa5325e313888160261335ceaf -> 
  custom:AudioImporter_EditorPlatform: 3918e3fc78b5a79bad01e8451be0beb8 -> 
  custom:scripting/monoscript/fileName/NPCController.cs: 191ced54d0aa30156ed83818d05d6883 -> 
  custom:scripting/monoscript/fileName/StyledSpace.cs: 5f16ec5dfe2e6caceb850dec2c2ca3fc -> 
  custom:scripting/monoscript/fileName/StyledScriptableObjectEditor.cs: 9509d87d39724722d6132e74bf674184 -> 
  custom:scripting/monoscript/fileName/StyledText.cs: ccc1b39c79ddaed665fd78f020bc6a03 -> 
  custom:scripting/monoscript/fileName/StyledMask.cs: 4678f577def2678967fb4ffa6b2ba653 -> 
  custom:scripting/monoscript/fileName/StyledDiffusionMaterialDrawer.cs: eee2b6b0e2e39a0dff06a2e0bf1fb510 -> 
  custom:scripting/monoscript/fileName/StyledRemapSliderDrawer.cs: 47767373de4aebbee7d359c1ef1cc6a6 -> 
  custom:scripting/monoscript/fileName/StyledTextureDrawer.cs: 5869ea90bdbd2de83912dbc298b41b1a -> 
  custom:scripting/monoscript/fileName/StyledTexturePreview.cs: 793de234aad21816ed93b8494e1dec14 -> 
  custom:scripting/monoscript/fileName/StyledIndentDrawer.cs: 62715c0c2eef8b1304139febfa740d3c -> 
  custom:scripting/monoscript/fileName/StyledEmissiveIntensityDrawer.cs: 27f4a08f607831211f7e91b685c4ae40 -> 
  custom:scripting/monoscript/fileName/SettingsData.cs: 7d0e769b0ae683ebcb407da3b57e03b6 -> 
  custom:framework-osx-AVFoundation: e770b220cccbd017edd2c1fefb359320 -> 
  custom:video-encoder-webm-vp8: eb34c28f22e8b96e1ab97ce403110664 -> 
  custom:audio-decoder-ogg-vorbis: bf7c407c2cedff20999df2af8eb42d56 -> 
  custom:scripting/monoscript/fileName/DrawWindowBanner.cs: 9587624fa9133f897063690bbf7e7226 -> 
  custom:scripting/monoscript/fileName/StyledButton.cs: 9a1c2a45c1a37e41ae8464019a64708d -> 
  custom:scripting/monoscript/fileName/StyledLayersDrawer.cs: 8d23c9248cb647451e6f07d4c948eadb -> 
  custom:scripting/monoscript/fileName/StyledLayers.cs: 20b6ea0c065e716761a79565692c083a -> 
  custom:scripting/monoscript/fileName/StyledToggleDrawer.cs: fa32f0d948779827300f154d8afe8a43 -> 
  custom:scripting/monoscript/fileName/DrawInspectorCategory.cs: 9587624fa9133f897063690bbf7e7226 -> 
  custom:scripting/monoscript/fileName/StyledScriptableObject.cs: b76588d98ad28347e1e62156e8defcbe -> 
  custom:scripting/monoscript/fileName/StyledTexturePreviewDrawer.cs: 7417ab5584a7da8fe60faa208fb88af7 -> 
  custom:audio-encoder-webm-vorbis: bf7c407c2cedff20999df2af8eb42d56 -> 
  custom:scripting/monoscript/fileName/FPSController.cs: 399e3a3ec403ed247d92c0ee2e40c49d -> 
  custom:scripting/monoscript/fileName/Constants.cs: 358892efbee673e10531810c28e9f3e0 -> 
  custom:scripting/monoscript/fileName/SkyboxExtendedWindows.cs: 91db52253ea00cf20844992b86537e4d -> 
  custom:scripting/monoscript/fileName/StyledMonoBehaviour.cs: 3be224fd1c8d0edeedfe9cf261c631c4 -> 
  custom:scripting/monoscript/fileName/StyledRangeOptionsDrawer.cs: bfa83081b223cb3aca05e471b3387471 -> 
  custom:scripting/monoscript/fileName/SaveSettingsData.cs: 601588721e15dccfe36bbb9b8f6edd21 -> 
========================================================================
Received Prepare
Begin MonoManager ReloadAssembly
- Loaded All Assemblies, in  0.555 seconds
Refreshing native plugins compatible for Editor in 1.73 ms, found 2 plugins.
Native extension for WindowsStandalone target not found
Native extension for OSXStandalone target not found
Mono: successfully reloaded assembly
- Finished resetting the current domain, in  1.227 seconds
Domain Reload Profiling: 1782ms
	BeginReloadAssembly (196ms)
		ExecutionOrderSort (0ms)
		DisableScriptedObjects (6ms)
		BackupInstance (0ms)
		ReleaseScriptingObjects (0ms)
		CreateAndSetChildDomain (73ms)
	RebuildCommonClasses (48ms)
	RebuildNativeTypeToScriptingClass (16ms)
	initialDomainReloadingComplete (28ms)
	LoadAllAssembliesAndSetupDomain (266ms)
		LoadAssemblies (320ms)
		RebuildTransferFunctionScriptingTraits (0ms)
		AnalyzeDomain (26ms)
			TypeCache.Refresh (9ms)
				TypeCache.ScanAssembly (0ms)
			ScanForSourceGeneratedMonoScriptInfo (0ms)
			ResolveRequiredComponents (12ms)
	FinalizeReload (1228ms)
		ReleaseScriptCaches (0ms)
		RebuildScriptCaches (0ms)
		SetupLoadedEditorAssemblies (689ms)
			LogAssemblyErrors (0ms)
			InitializePlatformSupportModulesInManaged (7ms)
			SetLoadedEditorAssemblies (5ms)
			RefreshPlugins (0ms)
			BeforeProcessingInitializeOnLoad (77ms)
			ProcessInitializeOnLoadAttributes (504ms)
			ProcessInitializeOnLoadMethodAttributes (95ms)
			AfterProcessingInitializeOnLoad (1ms)
			EditorAssembliesLoaded (0ms)
		ExecutionOrderSort2 (0ms)
		AwakeInstancesAfterBackupRestoration (5ms)
Refreshing native plugins compatible for Editor in 1.53 ms, found 2 plugins.
Preloading 0 native plugins for Editor in 0.00 ms.
Unloading 4411 Unused Serialized files (Serialized files now loaded: 0)
Unloading 45 unused Assets / (2.3 MB). Loaded Objects now: 4963.
Memory consumption went from 200.6 MB to 198.3 MB.
Total: 4.513959 ms (FindLiveObjects: 0.340539 ms CreateObjectMapping: 0.304229 ms MarkObjects: 3.430709 ms  DeleteObjects: 0.437241 ms)

Prepare: number of updated asset objects reloaded= 0
AssetImportParameters requested are different than current active one (requested -> active):
  custom:scripting/monoscript/fileName/StyledEnum.cs: cf4e9053177bc0faddc80d2c05aeaa94 -> 
  custom:scripting/monoscript/fileName/StyledMessageDrawer.cs: 20992691c2fe23b50383424cf7a26b82 -> 
  custom:container-demuxer-ogg: 62fdf1f143b41e24485cea50d1cbac27 -> 
  custom:scripting/monoscript/fileName/LoadSettingsData.cs: 601588721e15dccfe36bbb9b8f6edd21 -> 
  custom:scripting/monoscript/fileName/DrawInspectorBanner.cs: 9587624fa9133f897063690bbf7e7226 -> 
  custom:scripting/monoscript/fileName/StyledTextDrawer.cs: d8f6222dc08ae6d490686afd58ca144e -> 
  custom:video-decoder-ogg-theora: a1e56fd34408186e4bbccfd4996cb3dc -> 
  custom:scripting/monoscript/fileName/DrawWindowCategory.cs: 9587624fa9133f897063690bbf7e7226 -> 
  custom:scripting/monoscript/fileName/StyledEnumDrawer.cs: 2cf617b1db144ddbca03d98feca25c96 -> 
  custom:scripting/monoscript/fileName/StyledMaskDrawer.cs: 15cfdca36a0e036f7c50405d6fd2f1fc -> 
  custom:scripting/monoscript/fileName/StyledBanner.cs: 1fa36bded75bcc83389a35a38a24700d -> 
  custom:scripting/monoscript/fileName/StyledVectorDrawer.cs: 62a17712eb06f5707d9322c3ab33eb93 -> 
  custom:CustomObjectIndexerAttribute: 9a22284fe3817be447336de3de66b15e -> 
  custom:scripting/monoscript/fileName/StyledInteractive.cs: 0697e560670ed4999657403ac08ef097 -> 
  custom:scripting/monoscript/fileName/SceneSwitch.cs: e07e50fb982fb9a9177514ed7338d883 -> 
  custom:scripting/monoscript/fileName/StyledCategoryDrawer.cs: db8756881335f421d811372005190bb8 -> 
  custom:container-demuxer-webm: 4f35f7cbe854078d1ac9338744f61a02 -> 
  custom:scripting/monoscript/fileName/StyledOptionsSliderDrawer.cs: c046d1c06395c9490169074f7ce40942 -> 
  custom:scripting/monoscript/fileName/StyledButtonDrawer.cs: eb4cf86b17171b3614656cf46526596b -> 
  custom:scripting/monoscript/fileName/StyledTextureSingleLineDrawer.cs: eb30538f530c1c3eada93d9dbf5fdb98 -> 
  custom:scripting/monoscript/fileName/StyledIndent.cs: dbeaf677ec914da5702f1914cce99c49 -> 
  custom:scripting/monoscript/fileName/StyledMessage.cs: e9fafad453f7d1b335f7469da20954f2 -> 
  custom:scripting/monoscript/fileName/StyledCategory.cs: 8e7cf59655eb4a73d19619670d6e860a -> 
  custom:scripting/monoscript/fileName/StyledInteractiveDrawer.cs: ce19a4193f95944d4aa65f1552a65020 -> 
  custom:scripting/monoscript/fileName/SkyboxExtendedShaderGUI.cs: 84988a868e45b7e4d73ac26862426c86 -> 
  custom:scripting/monoscript/fileName/StyledMonoBehaviourEditor.cs: 55385ad0841100782ff0c99fe0a67fab -> 
  custom:container-muxer-webm: aa71ff27fc2769a1b78a27578f13a17b -> 
  custom:scripting/monoscript/fileName/StyledRangeOptions.cs: 847e8c63e564d7b3b0bcb2f213f5777f -> 
  custom:scripting/monoscript/fileName/StyledSpaceDrawer.cs: ae04b719ad6aff3b2aeb344e30967f08 -> 
  custom:scripting/monoscript/fileName/StyledBannerDrawer.cs: 9111b4ae69b4059a71d5d27afb1f49c8 -> 
  custom:video-decoder-webm-vp8: 9c59270c3fd7afecdb556c50c9e8de78 -> 
  custom:scripting/monoscript/fileName/StyledLabelGizmo.cs: 272464a11ea720827ce6fbc9495dcd01 -> 
  custom:scripting/monoscript/fileName/CamController.cs: 1fe3360b4d3bfc867ec091292a53b4f4 -> 
  custom:SearchIndexIgnoredProperties: e643bd26f0fe6173181afceb89e7c659 -> 
  custom:scripting/monoscript/fileName/StyledColoringDrawer.cs: cbe520fa5325e313888160261335ceaf -> 
  custom:AudioImporter_EditorPlatform: 3918e3fc78b5a79bad01e8451be0beb8 -> 
  custom:scripting/monoscript/fileName/NPCController.cs: 191ced54d0aa30156ed83818d05d6883 -> 
  custom:scripting/monoscript/fileName/StyledSpace.cs: 5f16ec5dfe2e6caceb850dec2c2ca3fc -> 
  custom:scripting/monoscript/fileName/StyledScriptableObjectEditor.cs: 9509d87d39724722d6132e74bf674184 -> 
  custom:scripting/monoscript/fileName/StyledText.cs: ccc1b39c79ddaed665fd78f020bc6a03 -> 
  custom:scripting/monoscript/fileName/StyledMask.cs: 4678f577def2678967fb4ffa6b2ba653 -> 
  custom:scripting/monoscript/fileName/StyledDiffusionMaterialDrawer.cs: eee2b6b0e2e39a0dff06a2e0bf1fb510 -> 
  custom:scripting/monoscript/fileName/StyledRemapSliderDrawer.cs: 47767373de4aebbee7d359c1ef1cc6a6 -> 
  custom:scripting/monoscript/fileName/StyledTextureDrawer.cs: 5869ea90bdbd2de83912dbc298b41b1a -> 
  custom:scripting/monoscript/fileName/StyledTexturePreview.cs: 793de234aad21816ed93b8494e1dec14 -> 
  custom:scripting/monoscript/fileName/StyledIndentDrawer.cs: 62715c0c2eef8b1304139febfa740d3c -> 
  custom:scripting/monoscript/fileName/StyledEmissiveIntensityDrawer.cs: 27f4a08f607831211f7e91b685c4ae40 -> 
  custom:scripting/monoscript/fileName/SettingsData.cs: 7d0e769b0ae683ebcb407da3b57e03b6 -> 
  custom:framework-osx-AVFoundation: e770b220cccbd017edd2c1fefb359320 -> 
  custom:video-encoder-webm-vp8: eb34c28f22e8b96e1ab97ce403110664 -> 
  custom:audio-decoder-ogg-vorbis: bf7c407c2cedff20999df2af8eb42d56 -> 
  custom:scripting/monoscript/fileName/DrawWindowBanner.cs: 9587624fa9133f897063690bbf7e7226 -> 
  custom:scripting/monoscript/fileName/StyledButton.cs: 9a1c2a45c1a37e41ae8464019a64708d -> 
  custom:scripting/monoscript/fileName/StyledLayersDrawer.cs: 8d23c9248cb647451e6f07d4c948eadb -> 
  custom:scripting/monoscript/fileName/StyledLayers.cs: 20b6ea0c065e716761a79565692c083a -> 
  custom:scripting/monoscript/fileName/StyledToggleDrawer.cs: fa32f0d948779827300f154d8afe8a43 -> 
  custom:scripting/monoscript/fileName/DrawInspectorCategory.cs: 9587624fa9133f897063690bbf7e7226 -> 
  custom:scripting/monoscript/fileName/StyledScriptableObject.cs: b76588d98ad28347e1e62156e8defcbe -> 
  custom:scripting/monoscript/fileName/StyledTexturePreviewDrawer.cs: 7417ab5584a7da8fe60faa208fb88af7 -> 
  custom:audio-encoder-webm-vorbis: bf7c407c2cedff20999df2af8eb42d56 -> 
  custom:scripting/monoscript/fileName/FPSController.cs: 399e3a3ec403ed247d92c0ee2e40c49d -> 
  custom:scripting/monoscript/fileName/Constants.cs: 358892efbee673e10531810c28e9f3e0 -> 
  custom:scripting/monoscript/fileName/SkyboxExtendedWindows.cs: 91db52253ea00cf20844992b86537e4d -> 
  custom:scripting/monoscript/fileName/StyledMonoBehaviour.cs: 3be224fd1c8d0edeedfe9cf261c631c4 -> 
  custom:scripting/monoscript/fileName/StyledRangeOptionsDrawer.cs: bfa83081b223cb3aca05e471b3387471 -> 
  custom:scripting/monoscript/fileName/SaveSettingsData.cs: 601588721e15dccfe36bbb9b8f6edd21 -> 
========================================================================
Received Import Request.
  Time since last request: 419747.033081 seconds.
  path: Assets/Scenes/Congratulations.unity
  artifactKey: Guid(8519a913546904e9eaaccc036ad7c24c) Importer(815301076,1909f56bfc062723c751e8b465ee728b)
Start importing Assets/Scenes/Congratulations.unity using Guid(8519a913546904e9eaaccc036ad7c24c) Importer(815301076,1909f56bfc062723c751e8b465ee728b) [PhysX] Initialized MultithreadedTaskDispatcher with 12 workers.
 -> (artifact id: 'f400da86f22b7d28c2a4f51874d70788') in 0.004042 seconds
Number of updated asset objects reloaded before import = 0
Number of asset objects unloaded after import = 0
